C:\Users\USUARIO\AppData\Local\Programs\Python\Python311\Lib\site-packages\pydantic\_internal\_config.py:383: UserWarning: Valid config keys have changed in V2:
* 'orm_mode' has been renamed to 'from_attributes'
  warnings.warn(message, UserWarning)
Traceback (most recent call last):
  File "C:\dev\Sonido_Liquido_V5\tests\test_v7_functional.py", line 62, in <module>
    test_create_domicilio_v7_fields()
  File "C:\dev\Sonido_Liquido_V5\tests\test_v7_functional.py", line 47, in test_create_domicilio_v7_fields
    assert dom.piso == "4"
           ^^^^^^^^^^^^^^^
AssertionError

During handling of the above exception, another exception occurred:

Traceback (most recent call last):
  File "<frozen runpy>", line 198, in _run_module_as_main
  File "<frozen runpy>", line 88, in _run_code
  File "C:\dev\Sonido_Liquido_V5\tests\test_v7_functional.py", line 64, in <module>
    print(f"\u274c Test Failed: {e}")
  File "C:\Users\USUARIO\AppData\Local\Programs\Python\Python311\Lib\encodings\cp1252.py", line 19, in encode
    return codecs.charmap_encode(input,self.errors,encoding_table)[0]
           ^^^^^^^^^^^^^^^^^^^^^^^^^^^^^^^^^^^^^^^^^^^^^^^^^^^^^^^
UnicodeEncodeError: 'charmap' codec can't encode character '\u274c' in position 0: character maps to <undefined>
--- [BOOT] Cargando variables de entorno desde: C:\dev\Sonido_Liquido_V5\.env ---
--- [BOOT] DATABASE_URL inhabilitada. Forzando SQLITE LOCAL: sqlite:///C:\dev\Sonido_Liquido_V5\pilot.db ---
--- [Atenea V10.E]: Core/Config (IA, Seguridad JWT, CORS) cargado. ---
--- [DATABASE] Usando DATABASE_URL de entorno: sqlite:///C:\dev\Sonido_Liquido_V5\pilot.db ---
--- [Atenea V11.4]: Capa ORM (GUID Unified) inicializada. ---
--- [Atenea V10.10]: Auth/Models ('Usuario', 'Rol') definidos. ---
--- [Atenea V10.E]: Auth/Service (L¾gica AuthN/AuthZ y Tokens) definida. ---
--- [Atenea V10.E]: Auth/Schemas (Pydantic con Tokens) definidos. ---
--- [Atenea V10.E]: Auth/Router (Seguridad y Login) definido. ---
--- [DATABASE] Usando DATABASE_URL de entorno: sqlite:///C:\dev\Sonido_Liquido_V5\pilot.db ---
--- [Atenea V11.4]: Capa ORM (GUID Unified) inicializada. ---
--- [Atenea V10.E]: Core/Config (IA, Seguridad JWT, CORS) cargado. ---
--- [Atenea V10.E]: Auth/Dependencies (Seguridad JWT) definidas. ---
--- [Atenea V5 Backend]: M¾dulo 'main.py' V10.16 (Modular Estable) cargado y listo. ---
